Using pre-set license
Built from '2020.3/staging' branch; Version is '2020.3.9f1 (108be757e447) revision 1084391'; Using compiler version '192528614'; Build Type 'Release'
OS: 'Windows 10 Pro; OS build 19042.985; Version 2009; 64bit' Language: 'es' Physical Memory: 16227 MB
BatchMode: 1, IsHumanControllingUs: 0, StartBugReporterOnCrash: 0, Is64bit: 1, IsPro: 0

 COMMAND LINE ARGUMENTS:
C:\Program Files\Unity\Hub\Editor\2020.3.9f1\Editor\Unity.exe
-adb2
-batchMode
-noUpm
-name
AssetImportWorker0
-projectPath
C:/Users/Usuario/Desktop/Adaptaciones TANKS/Adaptación a móviles juego TANKS/Definitivos/iOS/TanquesiOS
-logFile
Logs/AssetImportWorker0.log
-srvPort
61383
Successfully changed project path to: C:/Users/Usuario/Desktop/Adaptaciones TANKS/Adaptación a móviles juego TANKS/Definitivos/iOS/TanquesiOS
C:/Users/Usuario/Desktop/Adaptaciones TANKS/Adaptación a móviles juego TANKS/Definitivos/iOS/TanquesiOS
Using Asset Import Pipeline V2.
Refreshing native plugins compatible for Editor in 58.10 ms, found 0 plugins.
Preloading 0 native plugins for Editor in 0.00 ms.
Initialize engine version: 2020.3.9f1 (108be757e447)
[Subsystems] Discovering subsystems at path C:/Program Files/Unity/Hub/Editor/2020.3.9f1/Editor/Data/Resources/UnitySubsystems
[Subsystems] Discovering subsystems at path C:/Users/Usuario/Desktop/Adaptaciones TANKS/Adaptación a móviles juego TANKS/Definitivos/iOS/TanquesiOS/Assets
GfxDevice: creating device client; threaded=0
Direct3D:
    Version:  Direct3D 11.0 [level 11.1]
    Renderer: NVIDIA GeForce GTX 1050 (ID=0x1c8d)
    Vendor:   
    VRAM:     4021 MB
    Driver:   27.21.14.6663
Initialize mono
Mono path[0] = 'C:/Program Files/Unity/Hub/Editor/2020.3.9f1/Editor/Data/Managed'
Mono path[1] = 'C:/Program Files/Unity/Hub/Editor/2020.3.9f1/Editor/Data/MonoBleedingEdge/lib/mono/unityjit'
Mono config path = 'C:/Program Files/Unity/Hub/Editor/2020.3.9f1/Editor/Data/MonoBleedingEdge/etc'
Using monoOptions --debugger-agent=transport=dt_socket,embedding=1,server=y,suspend=n,address=127.0.0.1:56708
Begin MonoManager ReloadAssembly
Registering precompiled unity dll's ...
Register platform support module: C:/Program Files/Unity/Hub/Editor/2020.3.9f1/Editor/Data/PlaybackEngines/WindowsStandaloneSupport/UnityEditor.WindowsStandalone.Extensions.dll
Registered in 0.002198 seconds.
Native extension for WindowsStandalone target not found
Refreshing native plugins compatible for Editor in 42.62 ms, found 0 plugins.
Preloading 0 native plugins for Editor in 0.00 ms.
Mono: successfully reloaded assembly
- Completed reload, in  1.589 seconds
Platform modules already initialized, skipping
Registering precompiled user dll's ...
Registered in 0.003837 seconds.
Begin MonoManager ReloadAssembly
Error: Could not load signature of UnityEngine.Advertisements.Editor.PostProcessBuildPlist:PlistContainsAdNetworkId due to: Could not load file or assembly 'UnityEditor.iOS.Extensions.Xcode, Version=1.0.0.0, Culture=neutral, PublicKeyToken=null' or one of its dependencies. assembly:UnityEditor.iOS.Extensions.Xcode, Version=1.0.0.0, Culture=neutral, PublicKeyToken=null type:<unknown type> member:(null) signature:<none>

Unloading broken assembly Library/ScriptAssemblies/UnityEngine.Advertisements.Editor.dll, this assembly can cause crashes in the runtime

Native extension for WindowsStandalone target not found
Refreshing native plugins compatible for Editor in 45.62 ms, found 0 plugins.
Preloading 0 native plugins for Editor in 0.00 ms.
Mono: successfully reloaded assembly
- Completed reload, in  0.903 seconds
Platform modules already initialized, skipping
========================================================================
Worker process is ready to serve import requests
Launched and connected shader compiler UnityShaderCompiler.exe after 0.04 seconds
Refreshing native plugins compatible for Editor in 0.57 ms, found 0 plugins.
Preloading 0 native plugins for Editor in 0.00 ms.
Unloading 1998 Unused Serialized files (Serialized files now loaded: 0)
System memory in use before: 108.0 MB.
System memory in use after: 108.1 MB.

Unloading 54 unused Assets to reduce memory usage. Loaded Objects now: 2429.
Total: 5.269900 ms (FindLiveObjects: 0.186900 ms CreateObjectMapping: 0.062200 ms MarkObjects: 4.994200 ms  DeleteObjects: 0.025700 ms)

========================================================================
Received Import Request.
  path: Assets/Vibration-master/Vibration/Vibration.cs
  artifactKey: Guid(9a1817bb553014d4c9a665d4fa202202) Importer(815301076,1909f56bfc062723c751e8b465ee728b)
Start importing Assets/Vibration-master/Vibration/Vibration.cs using Guid(9a1817bb553014d4c9a665d4fa202202) Importer(815301076,1909f56bfc062723c751e8b465ee728b)  -> (artifact id: '3c4db1f041d87300588705a8dc6f0117') in 0.034348 seconds
  Import took 0.037048 seconds .

========================================================================
Received Prepare
Registering precompiled user dll's ...
Registered in 0.003529 seconds.
Begin MonoManager ReloadAssembly
Error: Could not load signature of UnityEngine.Advertisements.Editor.PostProcessBuildPlist:PlistContainsAdNetworkId due to: Could not load file or assembly 'UnityEditor.iOS.Extensions.Xcode, Version=1.0.0.0, Culture=neutral, PublicKeyToken=null' or one of its dependencies. assembly:UnityEditor.iOS.Extensions.Xcode, Version=1.0.0.0, Culture=neutral, PublicKeyToken=null type:<unknown type> member:(null) signature:<none>

Unloading broken assembly Library/ScriptAssemblies/UnityEngine.Advertisements.Editor.dll, this assembly can cause crashes in the runtime

Native extension for WindowsStandalone target not found
Refreshing native plugins compatible for Editor in 0.61 ms, found 0 plugins.
Preloading 0 native plugins for Editor in 0.00 ms.
Mono: successfully reloaded assembly
- Completed reload, in  0.808 seconds
Platform modules already initialized, skipping
Switching build target platform(19) subTarget(0) extendedPlatform(0) -> platform(9) subTarget(16777218) extendedPlatform(0)
Refreshing native plugins compatible for Editor in 0.64 ms, found 0 plugins.
Preloading 0 native plugins for Editor in 0.00 ms.
Unloading 1968 Unused Serialized files (Serialized files now loaded: 0)
System memory in use before: 104.9 MB.
System memory in use after: 105.0 MB.

Unloading 46 unused Assets to reduce memory usage. Loaded Objects now: 2432.
Total: 5.638300 ms (FindLiveObjects: 0.168900 ms CreateObjectMapping: 0.066900 ms MarkObjects: 5.372500 ms  DeleteObjects: 0.028700 ms)

AssetImportParameters requested are different than current active one (requested -> active):
  custom:graphics/normal-map-encoding: 01000000000000000000000000000000 -> 02000000000000000000000000000000
========================================================================
Received Import Request.
  Time since last request: 11.702310 seconds.
  path: Assets/Vibration-master/Vibration/Vibration.cs
  artifactKey: Guid(9a1817bb553014d4c9a665d4fa202202) Importer(815301076,1909f56bfc062723c751e8b465ee728b)
Start importing Assets/Vibration-master/Vibration/Vibration.cs using Guid(9a1817bb553014d4c9a665d4fa202202) Importer(815301076,1909f56bfc062723c751e8b465ee728b)  -> (artifact id: '7665af6d36ce0527e87a8374a201ee22') in 0.004496 seconds
  Import took 0.007497 seconds .

========================================================================
Received Import Request.
  Time since last request: 17.432334 seconds.
  path: Assets/Vibration-master/Vibration/Plugins/iOS/Vibration/Vibration.h
  artifactKey: Guid(83a187def68af42c29e1a38e747ea79a) Importer(815301076,1909f56bfc062723c751e8b465ee728b)
Start importing Assets/Vibration-master/Vibration/Plugins/iOS/Vibration/Vibration.h using Guid(83a187def68af42c29e1a38e747ea79a) Importer(815301076,1909f56bfc062723c751e8b465ee728b)  -> (artifact id: 'd6b63cf59e0ec570505cfebba2237e1f') in 0.017470 seconds
  Import took 0.020722 seconds .

========================================================================
Received Import Request.
  Time since last request: 0.027454 seconds.
  path: Assets/Vibration-master/Vibration/Plugins/iOS/Vibration/Vibration.h
  artifactKey: Guid(83a187def68af42c29e1a38e747ea79a) Importer(815301076,1909f56bfc062723c751e8b465ee728b)
Start importing Assets/Vibration-master/Vibration/Plugins/iOS/Vibration/Vibration.h using Guid(83a187def68af42c29e1a38e747ea79a) Importer(815301076,1909f56bfc062723c751e8b465ee728b)  -> (artifact id: 'd6b63cf59e0ec570505cfebba2237e1f') in 0.002188 seconds
  Import took 0.004969 seconds .

========================================================================
Received Import Request.
  Time since last request: 1.401485 seconds.
  path: Assets/Vibration-master/Vibration/Plugins/iOS/Vibration/Vibration.mm
  artifactKey: Guid(c31160a40d8f84d4395a22df26febd41) Importer(815301076,1909f56bfc062723c751e8b465ee728b)
Start importing Assets/Vibration-master/Vibration/Plugins/iOS/Vibration/Vibration.mm using Guid(c31160a40d8f84d4395a22df26febd41) Importer(815301076,1909f56bfc062723c751e8b465ee728b)  -> (artifact id: 'b0c8084558b2d142d9e211794ea9f44c') in 0.005626 seconds
  Import took 0.008362 seconds .

========================================================================
Received Prepare
Registering precompiled user dll's ...
Registered in 0.003529 seconds.
Begin MonoManager ReloadAssembly
Error: Could not load signature of UnityEngine.Advertisements.Editor.PostProcessBuildPlist:PlistContainsAdNetworkId due to: Could not load file or assembly 'UnityEditor.iOS.Extensions.Xcode, Version=1.0.0.0, Culture=neutral, PublicKeyToken=null' or one of its dependencies. assembly:UnityEditor.iOS.Extensions.Xcode, Version=1.0.0.0, Culture=neutral, PublicKeyToken=null type:<unknown type> member:(null) signature:<none>

Unloading broken assembly Library/ScriptAssemblies/UnityEngine.Advertisements.Editor.dll, this assembly can cause crashes in the runtime

Native extension for WindowsStandalone target not found
Refreshing native plugins compatible for Editor in 0.72 ms, found 0 plugins.
Preloading 0 native plugins for Editor in 0.00 ms.
Mono: successfully reloaded assembly
- Completed reload, in  0.908 seconds
Platform modules already initialized, skipping
Switching build target platform(19) subTarget(0) extendedPlatform(0) -> platform(9) subTarget(16777218) extendedPlatform(0)
Refreshing native plugins compatible for Editor in 0.65 ms, found 0 plugins.
Preloading 0 native plugins for Editor in 0.00 ms.
Unloading 1968 Unused Serialized files (Serialized files now loaded: 0)
System memory in use before: 104.9 MB.
System memory in use after: 105.0 MB.

Unloading 46 unused Assets to reduce memory usage. Loaded Objects now: 2435.
Total: 5.408000 ms (FindLiveObjects: 0.183400 ms CreateObjectMapping: 0.058800 ms MarkObjects: 5.138600 ms  DeleteObjects: 0.026300 ms)

AssetImportParameters requested are different than current active one (requested -> active):
  custom:graphics/normal-map-encoding: 01000000000000000000000000000000 -> 02000000000000000000000000000000
========================================================================
Received Import Request.
  Time since last request: 69.065391 seconds.
  path: Assets/TANQUES/Scripts/TankHealth.cs
  artifactKey: Guid(0acf43f0a1af4f14684405db52d66b58) Importer(815301076,1909f56bfc062723c751e8b465ee728b)
Start importing Assets/TANQUES/Scripts/TankHealth.cs using Guid(0acf43f0a1af4f14684405db52d66b58) Importer(815301076,1909f56bfc062723c751e8b465ee728b)  -> (artifact id: 'b5512ae96b8b72eccc1969e9d16ce277') in 0.010209 seconds
  Import took 0.013002 seconds .

========================================================================
Received Prepare
Registering precompiled user dll's ...
Registered in 0.003541 seconds.
Begin MonoManager ReloadAssembly
Error: Could not load signature of UnityEngine.Advertisements.Editor.PostProcessBuildPlist:PlistContainsAdNetworkId due to: Could not load file or assembly 'UnityEditor.iOS.Extensions.Xcode, Version=1.0.0.0, Culture=neutral, PublicKeyToken=null' or one of its dependencies. assembly:UnityEditor.iOS.Extensions.Xcode, Version=1.0.0.0, Culture=neutral, PublicKeyToken=null type:<unknown type> member:(null) signature:<none>

Unloading broken assembly Library/ScriptAssemblies/UnityEngine.Advertisements.Editor.dll, this assembly can cause crashes in the runtime

Native extension for WindowsStandalone target not found
Refreshing native plugins compatible for Editor in 0.61 ms, found 0 plugins.
Preloading 0 native plugins for Editor in 0.00 ms.
Mono: successfully reloaded assembly
- Completed reload, in  0.872 seconds
Platform modules already initialized, skipping
Switching build target platform(19) subTarget(0) extendedPlatform(0) -> platform(9) subTarget(16777218) extendedPlatform(0)
Refreshing native plugins compatible for Editor in 0.60 ms, found 0 plugins.
Preloading 0 native plugins for Editor in 0.00 ms.
Unloading 1968 Unused Serialized files (Serialized files now loaded: 0)
System memory in use before: 104.9 MB.
System memory in use after: 105.0 MB.

Unloading 46 unused Assets to reduce memory usage. Loaded Objects now: 2438.
Total: 5.184400 ms (FindLiveObjects: 0.175900 ms CreateObjectMapping: 0.060900 ms MarkObjects: 4.924800 ms  DeleteObjects: 0.022100 ms)

AssetImportParameters requested are different than current active one (requested -> active):
  custom:graphics/normal-map-encoding: 01000000000000000000000000000000 -> 02000000000000000000000000000000
========================================================================
Received Import Request.
  Time since last request: 18.985971 seconds.
  path: Assets/TANQUES/Scripts/TankHealth.cs
  artifactKey: Guid(0acf43f0a1af4f14684405db52d66b58) Importer(815301076,1909f56bfc062723c751e8b465ee728b)
Start importing Assets/TANQUES/Scripts/TankHealth.cs using Guid(0acf43f0a1af4f14684405db52d66b58) Importer(815301076,1909f56bfc062723c751e8b465ee728b)  -> (artifact id: '3997c49cf3ce9d5716e1f9e13c2dad0d') in 0.004717 seconds
  Import took 0.007973 seconds .

========================================================================
Received Prepare
Registering precompiled user dll's ...
Registered in 0.003507 seconds.
Begin MonoManager ReloadAssembly
Error: Could not load signature of UnityEngine.Advertisements.Editor.PostProcessBuildPlist:PlistContainsAdNetworkId due to: Could not load file or assembly 'UnityEditor.iOS.Extensions.Xcode, Version=1.0.0.0, Culture=neutral, PublicKeyToken=null' or one of its dependencies. assembly:UnityEditor.iOS.Extensions.Xcode, Version=1.0.0.0, Culture=neutral, PublicKeyToken=null type:<unknown type> member:(null) signature:<none>

Unloading broken assembly Library/ScriptAssemblies/UnityEngine.Advertisements.Editor.dll, this assembly can cause crashes in the runtime

Native extension for WindowsStandalone target not found
Refreshing native plugins compatible for Editor in 0.62 ms, found 0 plugins.
Preloading 0 native plugins for Editor in 0.00 ms.
Mono: successfully reloaded assembly
- Completed reload, in  0.821 seconds
Platform modules already initialized, skipping
Switching build target platform(19) subTarget(0) extendedPlatform(0) -> platform(9) subTarget(16777218) extendedPlatform(0)
Refreshing native plugins compatible for Editor in 0.61 ms, found 0 plugins.
Preloading 0 native plugins for Editor in 0.00 ms.
Unloading 1968 Unused Serialized files (Serialized files now loaded: 0)
System memory in use before: 105.0 MB.
System memory in use after: 105.1 MB.

Unloading 46 unused Assets to reduce memory usage. Loaded Objects now: 2441.
Total: 5.601600 ms (FindLiveObjects: 0.152700 ms CreateObjectMapping: 0.058100 ms MarkObjects: 5.366400 ms  DeleteObjects: 0.023400 ms)

AssetImportParameters requested are different than current active one (requested -> active):
  custom:graphics/normal-map-encoding: 01000000000000000000000000000000 -> 02000000000000000000000000000000
========================================================================
Received Prepare
Registering precompiled user dll's ...
Registered in 0.003508 seconds.
Begin MonoManager ReloadAssembly
Error: Could not load signature of UnityEngine.Advertisements.Editor.PostProcessBuildPlist:PlistContainsAdNetworkId due to: Could not load file or assembly 'UnityEditor.iOS.Extensions.Xcode, Version=1.0.0.0, Culture=neutral, PublicKeyToken=null' or one of its dependencies. assembly:UnityEditor.iOS.Extensions.Xcode, Version=1.0.0.0, Culture=neutral, PublicKeyToken=null type:<unknown type> member:(null) signature:<none>

Unloading broken assembly Library/ScriptAssemblies/UnityEngine.Advertisements.Editor.dll, this assembly can cause crashes in the runtime

Native extension for WindowsStandalone target not found
Refreshing native plugins compatible for Editor in 0.62 ms, found 0 plugins.
Preloading 0 native plugins for Editor in 0.00 ms.
Mono: successfully reloaded assembly
- Completed reload, in  0.873 seconds
Platform modules already initialized, skipping
Switching build target platform(19) subTarget(0) extendedPlatform(0) -> platform(9) subTarget(16777218) extendedPlatform(0)
Refreshing native plugins compatible for Editor in 0.61 ms, found 0 plugins.
Preloading 0 native plugins for Editor in 0.00 ms.
Unloading 1968 Unused Serialized files (Serialized files now loaded: 0)
System memory in use before: 105.0 MB.
System memory in use after: 105.1 MB.

Unloading 46 unused Assets to reduce memory usage. Loaded Objects now: 2444.
Total: 5.221800 ms (FindLiveObjects: 0.177700 ms CreateObjectMapping: 0.058500 ms MarkObjects: 4.958300 ms  DeleteObjects: 0.026200 ms)

AssetImportParameters requested are different than current active one (requested -> active):
  custom:graphics/normal-map-encoding: 01000000000000000000000000000000 -> 02000000000000000000000000000000
========================================================================
Received Prepare
Registering precompiled user dll's ...
Registered in 0.003846 seconds.
Begin MonoManager ReloadAssembly
Error: Could not load signature of UnityEngine.Advertisements.Editor.PostProcessBuildPlist:PlistContainsAdNetworkId due to: Could not load file or assembly 'UnityEditor.iOS.Extensions.Xcode, Version=1.0.0.0, Culture=neutral, PublicKeyToken=null' or one of its dependencies. assembly:UnityEditor.iOS.Extensions.Xcode, Version=1.0.0.0, Culture=neutral, PublicKeyToken=null type:<unknown type> member:(null) signature:<none>

Unloading broken assembly Library/ScriptAssemblies/UnityEngine.Advertisements.Editor.dll, this assembly can cause crashes in the runtime

Native extension for WindowsStandalone target not found
Refreshing native plugins compatible for Editor in 0.60 ms, found 0 plugins.
Preloading 0 native plugins for Editor in 0.00 ms.
Mono: successfully reloaded assembly
- Completed reload, in  0.874 seconds
Platform modules already initialized, skipping
Switching build target platform(19) subTarget(0) extendedPlatform(0) -> platform(9) subTarget(16777218) extendedPlatform(0)
Refreshing native plugins compatible for Editor in 0.60 ms, found 0 plugins.
Preloading 0 native plugins for Editor in 0.00 ms.
Unloading 1968 Unused Serialized files (Serialized files now loaded: 0)
System memory in use before: 105.0 MB.
System memory in use after: 105.1 MB.

Unloading 46 unused Assets to reduce memory usage. Loaded Objects now: 2447.
Total: 5.342000 ms (FindLiveObjects: 0.197600 ms CreateObjectMapping: 0.058500 ms MarkObjects: 5.062700 ms  DeleteObjects: 0.022200 ms)

AssetImportParameters requested are different than current active one (requested -> active):
  custom:graphics/normal-map-encoding: 01000000000000000000000000000000 -> 02000000000000000000000000000000
========================================================================
Received Prepare
Registering precompiled user dll's ...
Registered in 0.003470 seconds.
Begin MonoManager ReloadAssembly
Error: Could not load signature of UnityEngine.Advertisements.Editor.PostProcessBuildPlist:PlistContainsAdNetworkId due to: Could not load file or assembly 'UnityEditor.iOS.Extensions.Xcode, Version=1.0.0.0, Culture=neutral, PublicKeyToken=null' or one of its dependencies. assembly:UnityEditor.iOS.Extensions.Xcode, Version=1.0.0.0, Culture=neutral, PublicKeyToken=null type:<unknown type> member:(null) signature:<none>

Unloading broken assembly Library/ScriptAssemblies/UnityEngine.Advertisements.Editor.dll, this assembly can cause crashes in the runtime

Native extension for WindowsStandalone target not found
Refreshing native plugins compatible for Editor in 0.62 ms, found 0 plugins.
Preloading 0 native plugins for Editor in 0.00 ms.
Mono: successfully reloaded assembly
- Completed reload, in  0.831 seconds
Platform modules already initialized, skipping
Switching build target platform(19) subTarget(0) extendedPlatform(0) -> platform(9) subTarget(16777218) extendedPlatform(0)
Refreshing native plugins compatible for Editor in 0.63 ms, found 0 plugins.
Preloading 0 native plugins for Editor in 0.00 ms.
Unloading 1968 Unused Serialized files (Serialized files now loaded: 0)
System memory in use before: 105.0 MB.
System memory in use after: 105.1 MB.

Unloading 46 unused Assets to reduce memory usage. Loaded Objects now: 2450.
Total: 5.207600 ms (FindLiveObjects: 0.180600 ms CreateObjectMapping: 0.059200 ms MarkObjects: 4.944000 ms  DeleteObjects: 0.022900 ms)

AssetImportParameters requested are different than current active one (requested -> active):
  custom:graphics/normal-map-encoding: 01000000000000000000000000000000 -> 02000000000000000000000000000000
========================================================================
Received Prepare
Registering precompiled user dll's ...
Registered in 0.003478 seconds.
Begin MonoManager ReloadAssembly
Error: Could not load signature of UnityEngine.Advertisements.Editor.PostProcessBuildPlist:PlistContainsAdNetworkId due to: Could not load file or assembly 'UnityEditor.iOS.Extensions.Xcode, Version=1.0.0.0, Culture=neutral, PublicKeyToken=null' or one of its dependencies. assembly:UnityEditor.iOS.Extensions.Xcode, Version=1.0.0.0, Culture=neutral, PublicKeyToken=null type:<unknown type> member:(null) signature:<none>

Unloading broken assembly Library/ScriptAssemblies/UnityEngine.Advertisements.Editor.dll, this assembly can cause crashes in the runtime

Native extension for WindowsStandalone target not found
Refreshing native plugins compatible for Editor in 0.72 ms, found 0 plugins.
Preloading 0 native plugins for Editor in 0.00 ms.
Mono: successfully reloaded assembly
- Completed reload, in  0.828 seconds
Platform modules already initialized, skipping
Switching build target platform(19) subTarget(0) extendedPlatform(0) -> platform(9) subTarget(16777218) extendedPlatform(0)
Refreshing native plugins compatible for Editor in 0.60 ms, found 0 plugins.
Preloading 0 native plugins for Editor in 0.00 ms.
Unloading 1968 Unused Serialized files (Serialized files now loaded: 0)
System memory in use before: 105.0 MB.
System memory in use after: 105.1 MB.

Unloading 46 unused Assets to reduce memory usage. Loaded Objects now: 2453.
Total: 5.537300 ms (FindLiveObjects: 0.178700 ms CreateObjectMapping: 0.059500 ms MarkObjects: 5.273900 ms  DeleteObjects: 0.024400 ms)

AssetImportParameters requested are different than current active one (requested -> active):
  custom:graphics/normal-map-encoding: 01000000000000000000000000000000 -> 02000000000000000000000000000000
========================================================================
Received Prepare
Registering precompiled user dll's ...
Registered in 0.005006 seconds.
Begin MonoManager ReloadAssembly
Error: Could not load signature of UnityEngine.Advertisements.Editor.PostProcessBuildPlist:PlistContainsAdNetworkId due to: Could not load file or assembly 'UnityEditor.iOS.Extensions.Xcode, Version=1.0.0.0, Culture=neutral, PublicKeyToken=null' or one of its dependencies. assembly:UnityEditor.iOS.Extensions.Xcode, Version=1.0.0.0, Culture=neutral, PublicKeyToken=null type:<unknown type> member:(null) signature:<none>

Unloading broken assembly Library/ScriptAssemblies/UnityEngine.Advertisements.Editor.dll, this assembly can cause crashes in the runtime

Native extension for WindowsStandalone target not found
Refreshing native plugins compatible for Editor in 0.66 ms, found 0 plugins.
Preloading 0 native plugins for Editor in 0.00 ms.
Mono: successfully reloaded assembly
- Completed reload, in  1.298 seconds
Platform modules already initialized, skipping
Switching build target platform(19) subTarget(0) extendedPlatform(0) -> platform(9) subTarget(16777218) extendedPlatform(0)
Refreshing native plugins compatible for Editor in 1.00 ms, found 0 plugins.
Preloading 0 native plugins for Editor in 0.00 ms.
Unloading 1968 Unused Serialized files (Serialized files now loaded: 0)
System memory in use before: 105.0 MB.
System memory in use after: 105.1 MB.

Unloading 46 unused Assets to reduce memory usage. Loaded Objects now: 2456.
Total: 6.975800 ms (FindLiveObjects: 0.239000 ms CreateObjectMapping: 0.119000 ms MarkObjects: 6.558600 ms  DeleteObjects: 0.057400 ms)

AssetImportParameters requested are different than current active one (requested -> active):
  custom:graphics/normal-map-encoding: 01000000000000000000000000000000 -> 02000000000000000000000000000000
========================================================================
Received Prepare
Registering precompiled user dll's ...
Registered in 0.003890 seconds.
Begin MonoManager ReloadAssembly
Error: Could not load signature of UnityEngine.Advertisements.Editor.PostProcessBuildPlist:PlistContainsAdNetworkId due to: Could not load file or assembly 'UnityEditor.iOS.Extensions.Xcode, Version=1.0.0.0, Culture=neutral, PublicKeyToken=null' or one of its dependencies. assembly:UnityEditor.iOS.Extensions.Xcode, Version=1.0.0.0, Culture=neutral, PublicKeyToken=null type:<unknown type> member:(null) signature:<none>

Unloading broken assembly Library/ScriptAssemblies/UnityEngine.Advertisements.Editor.dll, this assembly can cause crashes in the runtime

Native extension for WindowsStandalone target not found
Refreshing native plugins compatible for Editor in 0.69 ms, found 0 plugins.
Preloading 0 native plugins for Editor in 0.00 ms.
Mono: successfully reloaded assembly
- Completed reload, in  1.001 seconds
Platform modules already initialized, skipping
Switching build target platform(19) subTarget(0) extendedPlatform(0) -> platform(9) subTarget(16777218) extendedPlatform(0)
Refreshing native plugins compatible for Editor in 0.61 ms, found 0 plugins.
Preloading 0 native plugins for Editor in 0.00 ms.
Unloading 2010 Unused Serialized files (Serialized files now loaded: 0)
System memory in use before: 106.8 MB.
System memory in use after: 106.9 MB.

Unloading 47 unused Assets to reduce memory usage. Loaded Objects now: 2500.
Total: 5.243400 ms (FindLiveObjects: 0.184200 ms CreateObjectMapping: 0.061100 ms MarkObjects: 4.932700 ms  DeleteObjects: 0.064500 ms)

AssetImportParameters requested are different than current active one (requested -> active):
  custom:graphics/normal-map-encoding: 01000000000000000000000000000000 -> 02000000000000000000000000000000
========================================================================
Received Prepare
Registering precompiled user dll's ...
Registered in 0.003687 seconds.
Begin MonoManager ReloadAssembly
Error: Could not load signature of UnityEngine.Advertisements.Editor.PostProcessBuildPlist:PlistContainsAdNetworkId due to: Could not load file or assembly 'UnityEditor.iOS.Extensions.Xcode, Version=1.0.0.0, Culture=neutral, PublicKeyToken=null' or one of its dependencies. assembly:UnityEditor.iOS.Extensions.Xcode, Version=1.0.0.0, Culture=neutral, PublicKeyToken=null type:<unknown type> member:(null) signature:<none>

Unloading broken assembly Library/ScriptAssemblies/UnityEngine.Advertisements.Editor.dll, this assembly can cause crashes in the runtime

Native extension for WindowsStandalone target not found
Refreshing native plugins compatible for Editor in 1.11 ms, found 0 plugins.
Preloading 0 native plugins for Editor in 0.00 ms.
Mono: successfully reloaded assembly
- Completed reload, in  1.214 seconds
Platform modules already initialized, skipping
Switching build target platform(19) subTarget(0) extendedPlatform(0) -> platform(9) subTarget(16777218) extendedPlatform(0)
Refreshing native plugins compatible for Editor in 0.64 ms, found 0 plugins.
Preloading 0 native plugins for Editor in 0.00 ms.
Unloading 2010 Unused Serialized files (Serialized files now loaded: 0)
System memory in use before: 106.8 MB.
System memory in use after: 106.9 MB.

Unloading 47 unused Assets to reduce memory usage. Loaded Objects now: 2503.
Total: 6.004700 ms (FindLiveObjects: 0.201500 ms CreateObjectMapping: 0.067100 ms MarkObjects: 5.638700 ms  DeleteObjects: 0.095800 ms)

AssetImportParameters requested are different than current active one (requested -> active):
  custom:graphics/normal-map-encoding: 01000000000000000000000000000000 -> 02000000000000000000000000000000
========================================================================
Received Prepare
Registering precompiled user dll's ...
Registered in 0.003839 seconds.
Begin MonoManager ReloadAssembly
Error: Could not load signature of UnityEngine.Advertisements.Editor.PostProcessBuildPlist:PlistContainsAdNetworkId due to: Could not load file or assembly 'UnityEditor.iOS.Extensions.Xcode, Version=1.0.0.0, Culture=neutral, PublicKeyToken=null' or one of its dependencies. assembly:UnityEditor.iOS.Extensions.Xcode, Version=1.0.0.0, Culture=neutral, PublicKeyToken=null type:<unknown type> member:(null) signature:<none>

Unloading broken assembly Library/ScriptAssemblies/UnityEngine.Advertisements.Editor.dll, this assembly can cause crashes in the runtime

Native extension for WindowsStandalone target not found
Refreshing native plugins compatible for Editor in 0.63 ms, found 0 plugins.
Preloading 0 native plugins for Editor in 0.00 ms.
Mono: successfully reloaded assembly
- Completed reload, in  0.918 seconds
Platform modules already initialized, skipping
Switching build target platform(19) subTarget(0) extendedPlatform(0) -> platform(9) subTarget(16777218) extendedPlatform(0)
Refreshing native plugins compatible for Editor in 0.61 ms, found 0 plugins.
Preloading 0 native plugins for Editor in 0.00 ms.
Unloading 2013 Unused Serialized files (Serialized files now loaded: 0)
System memory in use before: 106.9 MB.
System memory in use after: 107.0 MB.

Unloading 47 unused Assets to reduce memory usage. Loaded Objects now: 2509.
Total: 5.090900 ms (FindLiveObjects: 0.157000 ms CreateObjectMapping: 0.059700 ms MarkObjects: 4.818300 ms  DeleteObjects: 0.055000 ms)

AssetImportParameters requested are different than current active one (requested -> active):
  custom:graphics/normal-map-encoding: 01000000000000000000000000000000 -> 02000000000000000000000000000000
========================================================================
Received Import Request.
  Time since last request: 6580.103042 seconds.
  path: Assets/UniteNow20-RuntimeProfiler-main
  artifactKey: Guid(4fc8b751d4c80234b8715920f107ae33) Importer(815301076,1909f56bfc062723c751e8b465ee728b)
Start importing Assets/UniteNow20-RuntimeProfiler-main using Guid(4fc8b751d4c80234b8715920f107ae33) Importer(815301076,1909f56bfc062723c751e8b465ee728b)  -> (artifact id: '9f16802d80675ea76e20046f2cc8bfae') in 0.008422 seconds
  Import took 0.011159 seconds .

========================================================================
Received Import Request.
  Time since last request: 0.796516 seconds.
  path: Assets/UniteNow20-RuntimeProfiler-main/RuntimeProfilerScripts
  artifactKey: Guid(4459e87429537064ab3a1dd840cbe8f2) Importer(815301076,1909f56bfc062723c751e8b465ee728b)
Start importing Assets/UniteNow20-RuntimeProfiler-main/RuntimeProfilerScripts using Guid(4459e87429537064ab3a1dd840cbe8f2) Importer(815301076,1909f56bfc062723c751e8b465ee728b)  -> (artifact id: 'ac509625d771cc679adea1e5b584c754') in 0.006531 seconds
  Import took 0.009623 seconds .

========================================================================
Received Import Request.
  Time since last request: 1.326200 seconds.
  path: Assets/UniteNow20-RuntimeProfiler-main/RuntimeProfilerScripts/FileManager.cs
  artifactKey: Guid(d53bbdc72393475448f3055c28a8b2c2) Importer(815301076,1909f56bfc062723c751e8b465ee728b)
Start importing Assets/UniteNow20-RuntimeProfiler-main/RuntimeProfilerScripts/FileManager.cs using Guid(d53bbdc72393475448f3055c28a8b2c2) Importer(815301076,1909f56bfc062723c751e8b465ee728b)  -> (artifact id: 'd0040ac04c13878b5d009824cf65674c') in 0.006644 seconds
  Import took 0.009661 seconds .

========================================================================
Received Import Request.
  Time since last request: 2.668853 seconds.
  path: Assets/UniteNow20-RuntimeProfiler-main/RuntimeProfilerScripts/GetAvailableProfilerStats.cs
  artifactKey: Guid(caafb230e2600b545b3692deef5e3a3c) Importer(815301076,1909f56bfc062723c751e8b465ee728b)
Start importing Assets/UniteNow20-RuntimeProfiler-main/RuntimeProfilerScripts/GetAvailableProfilerStats.cs using Guid(caafb230e2600b545b3692deef5e3a3c) Importer(815301076,1909f56bfc062723c751e8b465ee728b)  -> (artifact id: '8173d53ee3a35ef6bcddc660422dd53f') in 0.007104 seconds
  Import took 0.010119 seconds .

========================================================================
Received Import Request.
  Time since last request: 0.026840 seconds.
  path: Assets/UniteNow20-RuntimeProfiler-main/RuntimeProfilerScripts/GetAvailableProfilerStats.cs
  artifactKey: Guid(caafb230e2600b545b3692deef5e3a3c) Importer(815301076,1909f56bfc062723c751e8b465ee728b)
Start importing Assets/UniteNow20-RuntimeProfiler-main/RuntimeProfilerScripts/GetAvailableProfilerStats.cs using Guid(caafb230e2600b545b3692deef5e3a3c) Importer(815301076,1909f56bfc062723c751e8b465ee728b)  -> (artifact id: '8173d53ee3a35ef6bcddc660422dd53f') in 0.002190 seconds
  Import took 0.005894 seconds .

========================================================================
Received Import Request.
  Time since last request: 2.006019 seconds.
  path: Assets/UniteNow20-RuntimeProfiler-main/RuntimeProfilerScripts/ProfilerController.cs
  artifactKey: Guid(956cf3e215dd0f647b7f9b2efd71b996) Importer(815301076,1909f56bfc062723c751e8b465ee728b)
Start importing Assets/UniteNow20-RuntimeProfiler-main/RuntimeProfilerScripts/ProfilerController.cs using Guid(956cf3e215dd0f647b7f9b2efd71b996) Importer(815301076,1909f56bfc062723c751e8b465ee728b)  -> (artifact id: 'b757c467cdec1ebe91103a13ac9124b0') in 0.006390 seconds
  Import took 0.009556 seconds .

========================================================================
Received Prepare
Registering precompiled user dll's ...
Registered in 0.003475 seconds.
Begin MonoManager ReloadAssembly
Error: Could not load signature of UnityEngine.Advertisements.Editor.PostProcessBuildPlist:PlistContainsAdNetworkId due to: Could not load file or assembly 'UnityEditor.iOS.Extensions.Xcode, Version=1.0.0.0, Culture=neutral, PublicKeyToken=null' or one of its dependencies. assembly:UnityEditor.iOS.Extensions.Xcode, Version=1.0.0.0, Culture=neutral, PublicKeyToken=null type:<unknown type> member:(null) signature:<none>

Unloading broken assembly Library/ScriptAssemblies/UnityEngine.Advertisements.Editor.dll, this assembly can cause crashes in the runtime

Native extension for WindowsStandalone target not found
Refreshing native plugins compatible for Editor in 0.63 ms, found 0 plugins.
Preloading 0 native plugins for Editor in 0.00 ms.
Mono: successfully reloaded assembly
- Completed reload, in  0.910 seconds
Platform modules already initialized, skipping
Switching build target platform(19) subTarget(0) extendedPlatform(0) -> platform(9) subTarget(16777218) extendedPlatform(0)
Refreshing native plugins compatible for Editor in 0.60 ms, found 0 plugins.
Preloading 0 native plugins for Editor in 0.00 ms.
Unloading 2013 Unused Serialized files (Serialized files now loaded: 0)
System memory in use before: 106.9 MB.
System memory in use after: 107.0 MB.

Unloading 47 unused Assets to reduce memory usage. Loaded Objects now: 2512.
Total: 5.634400 ms (FindLiveObjects: 0.187300 ms CreateObjectMapping: 0.061400 ms MarkObjects: 5.328100 ms  DeleteObjects: 0.056600 ms)

AssetImportParameters requested are different than current active one (requested -> active):
  custom:graphics/normal-map-encoding: 01000000000000000000000000000000 -> 02000000000000000000000000000000
========================================================================
Received Prepare
Registering precompiled user dll's ...
Registered in 0.003587 seconds.
Begin MonoManager ReloadAssembly
Error: Could not load signature of UnityEngine.Advertisements.Editor.PostProcessBuildPlist:PlistContainsAdNetworkId due to: Could not load file or assembly 'UnityEditor.iOS.Extensions.Xcode, Version=1.0.0.0, Culture=neutral, PublicKeyToken=null' or one of its dependencies. assembly:UnityEditor.iOS.Extensions.Xcode, Version=1.0.0.0, Culture=neutral, PublicKeyToken=null type:<unknown type> member:(null) signature:<none>

Unloading broken assembly Library/ScriptAssemblies/UnityEngine.Advertisements.Editor.dll, this assembly can cause crashes in the runtime

Native extension for WindowsStandalone target not found
Refreshing native plugins compatible for Editor in 0.63 ms, found 0 plugins.
Preloading 0 native plugins for Editor in 0.00 ms.
Mono: successfully reloaded assembly
- Completed reload, in  0.917 seconds
Platform modules already initialized, skipping
Switching build target platform(19) subTarget(0) extendedPlatform(0) -> platform(9) subTarget(16777218) extendedPlatform(0)
Refreshing native plugins compatible for Editor in 0.62 ms, found 0 plugins.
Preloading 0 native plugins for Editor in 0.00 ms.
Unloading 2013 Unused Serialized files (Serialized files now loaded: 0)
System memory in use before: 106.9 MB.
System memory in use after: 107.0 MB.

Unloading 47 unused Assets to reduce memory usage. Loaded Objects now: 2515.
Total: 5.296600 ms (FindLiveObjects: 0.182900 ms CreateObjectMapping: 0.066600 ms MarkObjects: 4.990200 ms  DeleteObjects: 0.056200 ms)

AssetImportParameters requested are different than current active one (requested -> active):
  custom:graphics/normal-map-encoding: 01000000000000000000000000000000 -> 02000000000000000000000000000000
========================================================================
Received Prepare
Registering precompiled user dll's ...
Registered in 0.003482 seconds.
Begin MonoManager ReloadAssembly
Error: Could not load signature of UnityEngine.Advertisements.Editor.PostProcessBuildPlist:PlistContainsAdNetworkId due to: Could not load file or assembly 'UnityEditor.iOS.Extensions.Xcode, Version=1.0.0.0, Culture=neutral, PublicKeyToken=null' or one of its dependencies. assembly:UnityEditor.iOS.Extensions.Xcode, Version=1.0.0.0, Culture=neutral, PublicKeyToken=null type:<unknown type> member:(null) signature:<none>

Unloading broken assembly Library/ScriptAssemblies/UnityEngine.Advertisements.Editor.dll, this assembly can cause crashes in the runtime

Native extension for WindowsStandalone target not found
Refreshing native plugins compatible for Editor in 0.64 ms, found 0 plugins.
Preloading 0 native plugins for Editor in 0.00 ms.
Mono: successfully reloaded assembly
- Completed reload, in  0.917 seconds
Platform modules already initialized, skipping
Switching build target platform(19) subTarget(0) extendedPlatform(0) -> platform(9) subTarget(16777218) extendedPlatform(0)
Refreshing native plugins compatible for Editor in 0.61 ms, found 0 plugins.
Preloading 0 native plugins for Editor in 0.00 ms.
Unloading 2013 Unused Serialized files (Serialized files now loaded: 0)
System memory in use before: 106.9 MB.
System memory in use after: 107.0 MB.

Unloading 47 unused Assets to reduce memory usage. Loaded Objects now: 2518.
Total: 5.037800 ms (FindLiveObjects: 0.181600 ms CreateObjectMapping: 0.061000 ms MarkObjects: 4.741000 ms  DeleteObjects: 0.053400 ms)

AssetImportParameters requested are different than current active one (requested -> active):
  custom:graphics/normal-map-encoding: 01000000000000000000000000000000 -> 02000000000000000000000000000000
AssetImportWorkerClient::OnTransportError - code=2 error=End of file
